2018-05-22 07:39:25:404 - info: Welcome to Appium v1.4.16 (REV ae6877eff263066b26328d457bd285c0cc62430d)
2018-05-22 07:39:25:406 - info: Appium REST http interface listener started on 0.0.0.0:4701
2018-05-22 07:39:25:409 - info: [debug] Non-default server args: {"udid":"043283a43437b87a","port":4701,"bootstrapPort":4902,"sessionOverride":true,"noReset":true,"log":"F:/APPIUMS_UI/log/1526974758.log"}
2018-05-22 07:39:25:410 - info: Console LogLevel: debug
2018-05-22 07:39:25:410 - info: File LogLevel: debug
2018-05-22 07:40:03:216 - info: --> POST /wd/hub/session {"capabilities":{"alwaysMatch":{"platformName":"android"},"firstMatch":[{}]},"desiredCapabilities":{"deviceName":"043283a43437b87a","unicodeKeyboard":"True","App":"F:/heshidaiapppakage/heshidai.apk","resetKeyboard":"True","platformVersion":"7.1.2","appPackage":"com.heshidai.app","platformName":"android","appActivity":"com.heshidai.app.activity.finance.WelcomeActivity"}}
2018-05-22 07:40:03:220 - info: Client User-Agent string: Python http auth
2018-05-22 07:40:03:221 - warn: Converting cap unicodeKeyboard from string to boolean. This might cause unexpected behavior.
2018-05-22 07:40:03:221 - warn: Converting cap resetKeyboard from string to boolean. This might cause unexpected behavior.
2018-05-22 07:40:03:223 - info: [debug] The following desired capabilities were provided, but not recognized by appium. They will be passed on to any other services running on this server. : App
2018-05-22 07:40:03:226 - info: [debug] Didn't get app but did get Android package, will attempt to launch it on the device
2018-05-22 07:40:03:227 - info: [debug] Creating new appium session d696bbf2-30e1-4d6f-8e5c-7e75703d2053
2018-05-22 07:40:03:228 - info: Starting android appium
2018-05-22 07:40:03:232 - info: [debug] Getting Java version
2018-05-22 07:40:03:399 - info: Java version is: 1.7.0_45
2018-05-22 07:40:03:401 - info: [debug] Checking whether adb is present
2018-05-22 07:40:03:403 - info: [debug] Using adb from F:\Appium\Android-sdk\sdk\platform-tools\adb.exe
2018-05-22 07:40:03:403 - warn: No app capability, can't parse package/activity
2018-05-22 07:40:03:404 - info: [debug] Using fast reset? false
2018-05-22 07:40:03:404 - info: [debug] Preparing device for session
2018-05-22 07:40:03:405 - info: [debug] Not checking whether app is present since we are assuming it's already on the device
2018-05-22 07:40:03:406 - info: Retrieving device
2018-05-22 07:40:03:406 - info: [debug] Trying to find a connected android device
2018-05-22 07:40:03:407 - info: [debug] Getting connected devices...
2018-05-22 07:40:03:410 - info: [debug] executing cmd: F:\Appium\Android-sdk\sdk\platform-tools\adb.exe devices
2018-05-22 07:40:03:480 - info: [debug] 2 device(s) connected
2018-05-22 07:40:03:481 - info: Found device 043283a43437b87a
2018-05-22 07:40:03:481 - info: [debug] Setting device id to 043283a43437b87a
2018-05-22 07:40:03:482 - info: [debug] Waiting for device to be ready and to respond to shell commands (timeout = 5)
2018-05-22 07:40:03:483 - info: [debug] executing cmd: F:\Appium\Android-sdk\sdk\platform-tools\adb.exe -s 043283a43437b87a wait-for-device
2018-05-22 07:40:03:577 - info: [debug] executing cmd: F:\Appium\Android-sdk\sdk\platform-tools\adb.exe -s 043283a43437b87a shell "echo 'ready'"
2018-05-22 07:40:03:683 - info: [debug] Starting logcat capture
2018-05-22 07:40:03:753 - info: [debug] Getting device API level
2018-05-22 07:40:03:754 - info: [debug] executing cmd: F:\Appium\Android-sdk\sdk\platform-tools\adb.exe -s 043283a43437b87a shell "getprop ro.build.version.sdk"
2018-05-22 07:40:03:884 - info: [debug] Device is at API Level 25
2018-05-22 07:40:03:885 - info: Device API level is: 25
2018-05-22 07:40:03:885 - info: [debug] Extracting strings for language: default
2018-05-22 07:40:03:886 - info: [debug] Apk doesn't exist locally
2018-05-22 07:40:03:886 - info: [debug] Could not get strings, but it looks like we had an old strings file anyway, so ignoring
2018-05-22 07:40:03:892 - info: [debug] executing cmd: F:\Appium\Android-sdk\sdk\platform-tools\adb.exe -s 043283a43437b87a shell "rm -rf /data/local/tmp/strings.json"
2018-05-22 07:40:03:997 - info: [debug] Not uninstalling app since server not started with --full-reset
2018-05-22 07:40:03:997 - info: [debug] Skipping install since we launched with a package instead of an app path
2018-05-22 07:40:03:998 - info: [debug] Forwarding system:4902 to device:4724
2018-05-22 07:40:03:998 - info: [debug] executing cmd: F:\Appium\Android-sdk\sdk\platform-tools\adb.exe -s 043283a43437b87a forward tcp:4902 tcp:4724
2018-05-22 07:40:04:061 - info: [debug] Pushing appium bootstrap to device...
2018-05-22 07:40:04:062 - info: [debug] executing cmd: F:\Appium\Android-sdk\sdk\platform-tools\adb.exe -s 043283a43437b87a push "F:\\Appium\\AppiumForWindows\\Appium\\node_modules\\appium\\build\\android_bootstrap\\AppiumBootstrap.jar" /data/local/tmp/
2018-05-22 07:40:04:153 - info: [debug] Enabling Unicode keyboard support
2018-05-22 07:40:04:154 - info: [debug] Pushing unicode ime to device...
2018-05-22 07:40:04:156 - info: [debug] executing cmd: F:\Appium\Android-sdk\sdk\platform-tools\adb.exe -s 043283a43437b87a install "F:\Appium\AppiumForWindows\Appium\node_modules\appium\build\unicode_ime_apk\UnicodeIME-debug.apk"
2018-05-22 07:40:06:479 - info: [debug] executing cmd: F:\Appium\Android-sdk\sdk\platform-tools\adb.exe -s 043283a43437b87a shell "settings get secure default_input_method"
2018-05-22 07:40:08:226 - info: [debug] Unsetting IME 'com.sohu.inputmethod.sogou/.SogouIME'
2018-05-22 07:40:08:226 - info: [debug] Setting IME to 'io.appium.android.ime/.UnicodeIME'
2018-05-22 07:40:08:226 - info: [debug] executing cmd: F:\Appium\Android-sdk\sdk\platform-tools\adb.exe -s 043283a43437b87a shell "ime enable io.appium.android.ime/.UnicodeIME"
2018-05-22 07:40:09:177 - info: [debug] executing cmd: F:\Appium\Android-sdk\sdk\platform-tools\adb.exe -s 043283a43437b87a shell "ime set io.appium.android.ime/.UnicodeIME"
2018-05-22 07:40:10:115 - info: [debug] Pushing settings apk to device...
2018-05-22 07:40:10:116 - info: [debug] executing cmd: F:\Appium\Android-sdk\sdk\platform-tools\adb.exe -s 043283a43437b87a install "F:\Appium\AppiumForWindows\Appium\node_modules\appium\build\settings_apk\settings_apk-debug.apk"
2018-05-22 07:40:12:021 - info: [debug] Pushing unlock helper app to device...
2018-05-22 07:40:12:022 - info: [debug] executing cmd: F:\Appium\Android-sdk\sdk\platform-tools\adb.exe -s 043283a43437b87a install "F:\Appium\AppiumForWindows\Appium\node_modules\appium\build\unlock_apk\unlock_apk-debug.apk"
2018-05-22 07:40:13:715 - info: Starting App
2018-05-22 07:40:13:716 - info: [debug] Attempting to kill all 'uiautomator' processes
2018-05-22 07:40:13:716 - info: [debug] Getting all processes with 'uiautomator'
2018-05-22 07:40:13:717 - info: [debug] executing cmd: F:\Appium\Android-sdk\sdk\platform-tools\adb.exe -s 043283a43437b87a shell "ps 'uiautomator'"
2018-05-22 07:40:13:903 - info: [debug] Resetting IME to 'com.sohu.inputmethod.sogou/.SogouIME'
2018-05-22 07:40:13:904 - info: [debug] executing cmd: F:\Appium\Android-sdk\sdk\platform-tools\adb.exe -s 043283a43437b87a shell "ime set com.sohu.inputmethod.sogou/.SogouIME"
2018-05-22 07:40:14:916 - info: [debug] Stopping logcat capture
2018-05-22 07:40:14:927 - info: [debug] Logcat terminated with code null, signal SIGTERM
2018-05-22 07:40:14:928 - info: [debug] Sent shutdown command, waiting for UiAutomator to stop...
2018-05-22 07:40:21:928 - warn: UiAutomator did not shut down fast enough, calling it gone
2018-05-22 07:40:21:929 - info: [debug] Cleaning up android objects
2018-05-22 07:40:21:929 - info: [debug] Cleaning up appium session
2018-05-22 07:40:21:929 - error: Failed to start an Appium session, err was: Error: Could not extract PIDs from ps output. PIDS: [], Procs: ["bad pid 'uiautomator'"]
2018-05-22 07:40:21:931 - info: [debug] Error: Could not extract PIDs from ps output. PIDS: [], Procs: ["bad pid 'uiautomator'"]
    at F:\Appium\AppiumForWindows\Appium\node_modules\appium\node_modules\appium-adb\lib\adb.js:1059:17
    at ADB.<anonymous> (F:\Appium\AppiumForWindows\Appium\node_modules\appium\node_modules\appium-adb\lib\adb.js:180:9)
    at ChildProcess.exithandler (child_process.js:197:7)
    at emitTwo (events.js:106:13)
    at ChildProcess.emit (events.js:191:7)
    at maybeClose (internal/child_process.js:877:16)
    at Process.ChildProcess._handle.onexit (internal/child_process.js:226:5)
2018-05-22 07:40:21:931 - info: [debug] Responding to client with error: {"status":33,"value":{"message":"A new session could not be created. (Original error: Could not extract PIDs from ps output. PIDS: [], Procs: [\"bad pid 'uiautomator'\"])","origValue":"Could not extract PIDs from ps output. PIDS: [], Procs: [\"bad pid 'uiautomator'\"]"},"sessionId":null}
2018-05-22 07:40:21:936 - info: <-- POST /wd/hub/session 500 18721.200 ms - 288 
