2018-05-21 10:17:44:525 - info: Welcome to Appium v1.4.16 (REV ae6877eff263066b26328d457bd285c0cc62430d)
2018-05-21 10:17:44:528 - info: Appium REST http interface listener started on 0.0.0.0:4702
2018-05-21 10:17:44:531 - info: [debug] Non-default server args: {"udid":"0123456789ABCDEF","port":4702,"bootstrapPort":4949,"sessionOverride":true,"noReset":true,"log":"F:/APPIUMS_UI/log/1526897840.log"}
2018-05-21 10:17:44:531 - info: Console LogLevel: debug
2018-05-21 10:17:44:531 - info: File LogLevel: debug
2018-05-21 10:17:44:522 - info: Welcome to Appium v1.4.16 (REV ae6877eff263066b26328d457bd285c0cc62430d)
2018-05-21 10:17:44:528 - info: Appium REST http interface listener started on 0.0.0.0:4701
2018-05-21 10:17:44:532 - info: [debug] Non-default server args: {"udid":"127.0.0.1:21533","port":4701,"bootstrapPort":4937,"sessionOverride":true,"noReset":true,"log":"F:/APPIUMS_UI/log/1526897840.log"}
2018-05-21 10:17:44:533 - info: Console LogLevel: debug
2018-05-21 10:17:44:533 - info: File LogLevel: debug
2018-05-21 10:17:44:883 - info: --> POST /wd/hub/session {"capabilities":{"alwaysMatch":{"platformName":"android"},"firstMatch":[{}]},"desiredCapabilities":{"deviceName":"0123456789ABCDEF","unicodeKeyboard":"True","App":"F:/heshidaiapppakage/heshidai.apk","resetKeyboard":"True","platformVersion":"4.4.2","appPackage":"com.heshidai.app","platformName":"android","appActivity":"com.heshidai.app.activity.finance.WelcomeActivity"}}
2018-05-21 10:17:44:892 - info: Client User-Agent string: Python http auth
2018-05-21 10:17:44:893 - warn: Converting cap unicodeKeyboard from string to boolean. This might cause unexpected behavior.
2018-05-21 10:17:44:893 - warn: Converting cap resetKeyboard from string to boolean. This might cause unexpected behavior.
2018-05-21 10:17:44:894 - info: [debug] The following desired capabilities were provided, but not recognized by appium. They will be passed on to any other services running on this server. : App
2018-05-21 10:17:44:897 - info: [debug] Didn't get app but did get Android package, will attempt to launch it on the device
2018-05-21 10:17:44:897 - info: [debug] Creating new appium session c0e20f25-8c08-4acf-8999-853808562195
2018-05-21 10:17:44:898 - info: Starting android appium
2018-05-21 10:17:44:899 - info: [debug] Getting Java version
2018-05-21 10:17:45:642 - info: Java version is: 1.7.0_45
2018-05-21 10:17:45:643 - info: [debug] Checking whether adb is present
2018-05-21 10:17:45:645 - info: [debug] Using adb from F:\Appium\Android-sdk\sdk\platform-tools\adb.exe
2018-05-21 10:17:45:645 - warn: No app capability, can't parse package/activity
2018-05-21 10:17:45:646 - info: [debug] Using fast reset? false
2018-05-21 10:17:45:647 - info: [debug] Preparing device for session
2018-05-21 10:17:45:647 - info: [debug] Not checking whether app is present since we are assuming it's already on the device
2018-05-21 10:17:45:648 - info: Retrieving device
2018-05-21 10:17:45:648 - info: [debug] Trying to find a connected android device
2018-05-21 10:17:45:649 - info: [debug] Getting connected devices...
2018-05-21 10:17:45:651 - info: [debug] executing cmd: F:\Appium\Android-sdk\sdk\platform-tools\adb.exe devices
2018-05-21 10:17:45:754 - info: [debug] 2 device(s) connected
2018-05-21 10:17:45:754 - info: Found device 0123456789ABCDEF
2018-05-21 10:17:45:755 - info: [debug] Setting device id to 0123456789ABCDEF
2018-05-21 10:17:45:755 - info: [debug] Waiting for device to be ready and to respond to shell commands (timeout = 5)
2018-05-21 10:17:45:756 - info: [debug] executing cmd: F:\Appium\Android-sdk\sdk\platform-tools\adb.exe -s 0123456789ABCDEF wait-for-device
2018-05-21 10:17:45:997 - info: [debug] executing cmd: F:\Appium\Android-sdk\sdk\platform-tools\adb.exe -s 0123456789ABCDEF shell "echo 'ready'"
2018-05-21 10:17:46:088 - info: [debug] Starting logcat capture
2018-05-21 10:17:46:152 - info: [debug] Getting device API level
2018-05-21 10:17:46:153 - info: [debug] executing cmd: F:\Appium\Android-sdk\sdk\platform-tools\adb.exe -s 0123456789ABCDEF shell "getprop ro.build.version.sdk"
2018-05-21 10:17:46:306 - info: [debug] Device is at API Level 19
2018-05-21 10:17:46:307 - info: Device API level is: 19
2018-05-21 10:17:46:308 - info: [debug] Extracting strings for language: default
2018-05-21 10:17:46:309 - info: [debug] Apk doesn't exist locally
2018-05-21 10:17:46:309 - info: [debug] Could not get strings, but it looks like we had an old strings file anyway, so ignoring
2018-05-21 10:17:46:310 - info: [debug] executing cmd: F:\Appium\Android-sdk\sdk\platform-tools\adb.exe -s 0123456789ABCDEF shell "rm -rf /data/local/tmp/strings.json"
2018-05-21 10:17:46:406 - info: [debug] Not uninstalling app since server not started with --full-reset
2018-05-21 10:17:46:407 - info: [debug] Skipping install since we launched with a package instead of an app path
2018-05-21 10:17:46:407 - info: [debug] Forwarding system:4949 to device:4724
2018-05-21 10:17:46:408 - info: [debug] executing cmd: F:\Appium\Android-sdk\sdk\platform-tools\adb.exe -s 0123456789ABCDEF forward tcp:4949 tcp:4724
2018-05-21 10:17:46:520 - info: [debug] Pushing appium bootstrap to device...
2018-05-21 10:17:46:541 - info: [debug] executing cmd: F:\Appium\Android-sdk\sdk\platform-tools\adb.exe -s 0123456789ABCDEF push "F:\\Appium\\AppiumForWindows\\Appium\\node_modules\\appium\\build\\android_bootstrap\\AppiumBootstrap.jar" /data/local/tmp/
2018-05-21 10:17:46:672 - info: [debug] Enabling Unicode keyboard support
2018-05-21 10:17:46:673 - info: [debug] Pushing unicode ime to device...
2018-05-21 10:17:46:675 - info: [debug] executing cmd: F:\Appium\Android-sdk\sdk\platform-tools\adb.exe -s 0123456789ABCDEF install "F:\Appium\AppiumForWindows\Appium\node_modules\appium\build\unicode_ime_apk\UnicodeIME-debug.apk"
2018-05-21 10:17:48:434 - info: [debug] executing cmd: F:\Appium\Android-sdk\sdk\platform-tools\adb.exe -s 0123456789ABCDEF shell "settings get secure default_input_method"
2018-05-21 10:17:49:379 - info: [debug] Unsetting IME 'com.sohu.inputmethod.sogou.xiaomi/.SogouIME'
2018-05-21 10:17:49:379 - info: [debug] Setting IME to 'io.appium.android.ime/.UnicodeIME'
2018-05-21 10:17:49:379 - info: [debug] executing cmd: F:\Appium\Android-sdk\sdk\platform-tools\adb.exe -s 0123456789ABCDEF shell "ime enable io.appium.android.ime/.UnicodeIME"
2018-05-21 10:17:50:332 - info: [debug] executing cmd: F:\Appium\Android-sdk\sdk\platform-tools\adb.exe -s 0123456789ABCDEF shell "ime set io.appium.android.ime/.UnicodeIME"
2018-05-21 10:17:51:364 - info: [debug] Pushing settings apk to device...
2018-05-21 10:17:51:365 - info: [debug] executing cmd: F:\Appium\Android-sdk\sdk\platform-tools\adb.exe -s 0123456789ABCDEF install "F:\Appium\AppiumForWindows\Appium\node_modules\appium\build\settings_apk\settings_apk-debug.apk"
2018-05-21 10:17:52:980 - info: [debug] Pushing unlock helper app to device...
2018-05-21 10:17:52:981 - info: [debug] executing cmd: F:\Appium\Android-sdk\sdk\platform-tools\adb.exe -s 0123456789ABCDEF install "F:\Appium\AppiumForWindows\Appium\node_modules\appium\build\unlock_apk\unlock_apk-debug.apk"
2018-05-21 10:17:59:616 - info: Starting App
2018-05-21 10:17:59:616 - info: [debug] Attempting to kill all 'uiautomator' processes
2018-05-21 10:17:59:617 - info: [debug] Getting all processes with 'uiautomator'
2018-05-21 10:17:59:617 - info: [debug] executing cmd: F:\Appium\Android-sdk\sdk\platform-tools\adb.exe -s 0123456789ABCDEF shell "ps 'uiautomator'"
2018-05-21 10:17:59:766 - info: [debug] No matching processes found
2018-05-21 10:17:59:766 - info: [debug] Running bootstrap
2018-05-21 10:17:59:767 - info: [debug] spawning: F:\Appium\Android-sdk\sdk\platform-tools\adb.exe -s 0123456789ABCDEF shell uiautomator runtest AppiumBootstrap.jar -c io.appium.android.bootstrap.Bootstrap -e pkg com.heshidai.app -e disableAndroidWatchers false
2018-05-21 10:18:00:587 - info: [debug] [UIAUTOMATOR STDOUT] INSTRUMENTATION_STATUS: numtests=1
2018-05-21 10:18:00:587 - info: [debug] [UIAUTOMATOR STDOUT] INSTRUMENTATION_STATUS: stream=
2018-05-21 10:18:00:587 - info: [debug] [UIAUTOMATOR STDOUT] io.appium.android.bootstrap.Bootstrap:
2018-05-21 10:18:00:587 - info: [debug] [UIAUTOMATOR STDOUT] INSTRUMENTATION_STATUS: id=UiAutomatorTestRunner
2018-05-21 10:18:00:587 - info: [debug] [UIAUTOMATOR STDOUT] INSTRUMENTATION_STATUS: test=testRunServer
2018-05-21 10:18:00:588 - info: [debug] [UIAUTOMATOR STDOUT] INSTRUMENTATION_STATUS: class=io.appium.android.bootstrap.Bootstrap
2018-05-21 10:18:00:588 - info: [debug] [UIAUTOMATOR STDOUT] INSTRUMENTATION_STATUS: current=1
2018-05-21 10:18:00:589 - info: [debug] [UIAUTOMATOR STDOUT] INSTRUMENTATION_STATUS_CODE: 1
2018-05-21 10:18:00:617 - info: [debug] [UIAUTOMATOR STDOUT] tcp port:4724
2018-05-21 10:18:00:620 - info: [debug] [BOOTSTRAP] [debug] Socket opened on port 4724
2018-05-21 10:18:00:620 - info: [debug] [BOOTSTRAP] [debug] Appium Socket Server Ready
2018-05-21 10:18:00:620 - info: [debug] [BOOTSTRAP] [debug] Loading json...
2018-05-21 10:18:00:622 - info: [debug] [BOOTSTRAP] [debug] Registered crash watchers.
2018-05-21 10:18:00:717 - info: [debug] Waking up device if it's not alive
2018-05-21 10:18:00:718 - info: [debug] Pushing command to appium work queue: ["wake",{}]
2018-05-21 10:18:00:732 - info: [debug] [BOOTSTRAP] [debug] Client connected
2018-05-21 10:18:00:737 - info: [debug] [BOOTSTRAP] [debug] Got data from client: {"cmd":"action","action":"wake","params":{}}
2018-05-21 10:18:00:737 - info: [debug] [BOOTSTRAP] [debug] Got command of type ACTION
2018-05-21 10:18:00:738 - info: [debug] [BOOTSTRAP] [debug] Got command action: wake
2018-05-21 10:18:00:752 - info: [debug] [BOOTSTRAP] [debug] Returning result: {"value":true,"status":0}
2018-05-21 10:18:00:754 - info: [debug] executing cmd: F:\Appium\Android-sdk\sdk\platform-tools\adb.exe -s 0123456789ABCDEF shell "dumpsys window"
2018-05-21 10:18:00:956 - info: [debug] Screen already unlocked, continuing.
2018-05-21 10:18:00:957 - info: [debug] Pushing command to appium work queue: ["getDataDir",{}]
2018-05-21 10:18:00:960 - info: [debug] [BOOTSTRAP] [debug] Got data from client: {"cmd":"action","action":"getDataDir","params":{}}
2018-05-21 10:18:00:960 - info: [debug] [BOOTSTRAP] [debug] Got command of type ACTION
2018-05-21 10:18:00:961 - info: [debug] [BOOTSTRAP] [debug] Got command action: getDataDir
2018-05-21 10:18:00:961 - info: [debug] [BOOTSTRAP] [debug] Returning result: {"value":"\/data\/local\/tmp","status":0}
2018-05-21 10:18:00:961 - info: [debug] dataDir set to: /data/local/tmp
2018-05-21 10:18:00:961 - info: [debug] Pushing command to appium work queue: ["compressedLayoutHierarchy",{"compressLayout":false}]
2018-05-21 10:18:00:964 - info: [debug] [BOOTSTRAP] [debug] Got data from client: {"cmd":"action","action":"compressedLayoutHierarchy","params":{"compressLayout":false}}
2018-05-21 10:18:00:965 - info: [debug] [BOOTSTRAP] [debug] Got command of type ACTION
2018-05-21 10:18:00:965 - info: [debug] [BOOTSTRAP] [debug] Got command action: compressedLayoutHierarchy
2018-05-21 10:18:00:968 - info: [debug] [BOOTSTRAP] [debug] Returning result: {"value":false,"status":0}
2018-05-21 10:18:00:968 - info: [debug] Getting device API level
2018-05-21 10:18:00:969 - info: [debug] executing cmd: F:\Appium\Android-sdk\sdk\platform-tools\adb.exe -s 0123456789ABCDEF shell "getprop ro.build.version.sdk"
2018-05-21 10:18:01:063 - info: [debug] Device is at API Level 19
2018-05-21 10:18:01:064 - info: [debug] executing cmd: F:\Appium\Android-sdk\sdk\platform-tools\adb.exe -s 0123456789ABCDEF shell "am start -S -a android.intent.action.MAIN -c android.intent.category.LAUNCHER -f 0x10200000 -n com.heshidai.app/com.heshidai.app.activity.finance.WelcomeActivity"
2018-05-21 10:18:02:452 - info: [debug] Waiting for pkg "com.heshidai.app" and activity "com.heshidai.app.activity.finance.WelcomeActivity" to be focused
2018-05-21 10:18:02:453 - info: [debug] Getting focused package and activity
2018-05-21 10:18:02:454 - info: [debug] executing cmd: F:\Appium\Android-sdk\sdk\platform-tools\adb.exe -s 0123456789ABCDEF shell "dumpsys window windows"
2018-05-21 10:18:02:654 - info: [debug] executing cmd: F:\Appium\Android-sdk\sdk\platform-tools\adb.exe -s 0123456789ABCDEF shell "getprop ro.build.version.release"
2018-05-21 10:18:02:816 - info: [debug] Device is at release version 4.4.2
2018-05-21 10:18:02:816 - info: [debug] Device launched! Ready for commands
2018-05-21 10:18:02:816 - info: [debug] Setting command timeout to the default of 60 secs
2018-05-21 10:18:02:817 - info: [debug] Appium session started with sessionId c0e20f25-8c08-4acf-8999-853808562195
2018-05-21 10:18:02:847 - info: <-- POST /wd/hub/session 303 17939.584 ms - 74 
2018-05-21 10:18:03:858 - info: --> GET /wd/hub/session/c0e20f25-8c08-4acf-8999-853808562195 {}
2018-05-21 10:18:03:860 - info: [debug] Responding to client with success: {"status":0,"value":{"platform":"LINUX","browserName":"Android","platformVersion":"4.4.2","webStorageEnabled":false,"takesScreenshot":true,"javascriptEnabled":true,"databaseEnabled":false,"networkConnectionEnabled":true,"locationContextEnabled":false,"warnings":{},"desired":{"deviceName":"0123456789ABCDEF","unicodeKeyboard":true,"App":"F:/heshidaiapppakage/heshidai.apk","resetKeyboard":true,"platformVersion":"4.4.2","appPackage":"com.heshidai.app","platformName":"android","appActivity":"com.heshidai.app.activity.finance.WelcomeActivity"},"deviceName":"0123456789ABCDEF","unicodeKeyboard":true,"App":"F:/heshidaiapppakage/heshidai.apk","resetKeyboard":true,"appPackage":"com.heshidai.app","platformName":"android","appActivity":"com.heshidai.app.activity.finance.WelcomeActivity"},"sessionId":"c0e20f25-8c08-4acf-8999-853808562195"}
2018-05-21 10:18:03:863 - info: <-- GET /wd/hub/session/c0e20f25-8c08-4acf-8999-853808562195 200 4.655 ms - 837 {"status":0,"value":{"platform":"LINUX","browserName":"Android","platformVersion":"4.4.2","webStorageEnabled":false,"takesScreenshot":true,"javascriptEnabled":true,"databaseEnabled":false,"networkConnectionEnabled":true,"locationContextEnabled":false,"warnings":{},"desired":{"deviceName":"0123456789ABCDEF","unicodeKeyboard":true,"App":"F:/heshidaiapppakage/heshidai.apk","resetKeyboard":true,"platformVersion":"4.4.2","appPackage":"com.heshidai.app","platformName":"android","appActivity":"com.heshidai.app.activity.finance.WelcomeActivity"},"deviceName":"0123456789ABCDEF","unicodeKeyboard":true,"App":"F:/heshidaiapppakage/heshidai.apk","resetKeyboard":true,"appPackage":"com.heshidai.app","platformName":"android","appActivity":"com.heshidai.app.activity.finance.WelcomeActivity"},"sessionId":"c0e20f25-8c08-4acf-8999-853808562195"}
2018-05-21 10:18:24:897 - info: --> POST /wd/hub/session/c0e20f25-8c08-4acf-8999-853808562195/element {"using":"id","sessionId":"c0e20f25-8c08-4acf-8999-853808562195","value":"com.heshidai.app:id/title_right_tv"}
2018-05-21 10:18:24:898 - info: [debug] Waiting up to 0ms for condition
2018-05-21 10:18:24:899 - info: [debug] Pushing command to appium work queue: ["find",{"strategy":"id","selector":"com.heshidai.app:id/title_right_tv","context":"","multiple":false}]
2018-05-21 10:18:24:904 - info: [debug] [BOOTSTRAP] [debug] Got data from client: {"cmd":"action","action":"find","params":{"strategy":"id","selector":"com.heshidai.app:id/title_right_tv","context":"","multiple":false}}
2018-05-21 10:18:24:904 - info: [debug] [BOOTSTRAP] [debug] Got command of type ACTION
2018-05-21 10:18:24:905 - info: [debug] [BOOTSTRAP] [debug] Got command action: find
2018-05-21 10:18:24:906 - info: [debug] [BOOTSTRAP] [debug] Finding com.heshidai.app:id/title_right_tv using ID with the contextId:  multiple: false
2018-05-21 10:18:24:908 - info: [debug] [BOOTSTRAP] [debug] Using: UiSelector[INSTANCE=0, RESOURCE_ID=com.heshidai.app:id/title_right_tv]
2018-05-21 10:18:25:110 - info: [debug] [BOOTSTRAP] [debug] Failed to locate element. Clearing Accessibility cache and retrying.
2018-05-21 10:18:25:114 - info: [debug] [BOOTSTRAP] [debug] Finding com.heshidai.app:id/title_right_tv using ID with the contextId:  multiple: false
2018-05-21 10:18:25:115 - info: [debug] [BOOTSTRAP] [debug] Using: UiSelector[INSTANCE=0, RESOURCE_ID=com.heshidai.app:id/title_right_tv]
2018-05-21 10:18:25:178 - info: [debug] [BOOTSTRAP] [debug] Returning result: {"value":"No element found","status":7}
2018-05-21 10:18:25:180 - info: [debug] Condition unmet after 282ms. Timing out.
2018-05-21 10:18:25:180 - info: [debug] Responding to client with error: {"status":7,"value":{"message":"An element could not be located on the page using the given search parameters.","origValue":"No element found"},"sessionId":"c0e20f25-8c08-4acf-8999-853808562195"}
2018-05-21 10:18:25:182 - info: <-- POST /wd/hub/session/c0e20f25-8c08-4acf-8999-853808562195/element 500 285.082 ms - 195 
2018-05-21 10:19:24:900 - info: [debug] Didn't get a new command in 60 secs, shutting down...
2018-05-21 10:19:24:900 - info: Shutting down appium session
2018-05-21 10:19:24:902 - info: [debug] Pressing the HOME button
2018-05-21 10:19:24:903 - info: [debug] executing cmd: F:\Appium\Android-sdk\sdk\platform-tools\adb.exe -s 0123456789ABCDEF shell "input keyevent 3"
2018-05-21 10:19:25:998 - info: [debug] Resetting IME to 'com.sohu.inputmethod.sogou.xiaomi/.SogouIME'
2018-05-21 10:19:25:998 - info: [debug] executing cmd: F:\Appium\Android-sdk\sdk\platform-tools\adb.exe -s 0123456789ABCDEF shell "ime set com.sohu.inputmethod.sogou.xiaomi/.SogouIME"
2018-05-21 10:19:26:989 - info: [debug] Stopping logcat capture
2018-05-21 10:19:26:998 - info: [debug] Logcat terminated with code null, signal SIGTERM
2018-05-21 10:19:27:002 - info: [debug] [BOOTSTRAP] [debug] Got data from client: {"cmd":"shutdown"}
2018-05-21 10:19:27:003 - info: [debug] Sent shutdown command, waiting for UiAutomator to stop...
2018-05-21 10:19:27:009 - info: [debug] [BOOTSTRAP] [debug] Got command of type SHUTDOWN
2018-05-21 10:19:27:009 - info: [debug] [BOOTSTRAP] [debug] Returning result: {"value":"OK, shutting down","status":0}
2018-05-21 10:19:27:009 - info: [debug] [UIAUTOMATOR STDOUT] [CDS]close[4724]
2018-05-21 10:19:27:010 - info: [debug] [UIAUTOMATOR STDOUT] close [socket][/0.0.0.0:4724]
2018-05-21 10:19:27:010 - info: [debug] [BOOTSTRAP] [debug] Closed client connection
2018-05-21 10:19:27:010 - info: [debug] [UIAUTOMATOR STDOUT] INSTRUMENTATION_STATUS: numtests=1
2018-05-21 10:19:27:010 - info: [debug] [UIAUTOMATOR STDOUT] INSTRUMENTATION_STATUS: stream=.
2018-05-21 10:19:27:010 - info: [debug] [UIAUTOMATOR STDOUT] INSTRUMENTATION_STATUS: id=UiAutomatorTestRunner
2018-05-21 10:19:27:010 - info: [debug] [UIAUTOMATOR STDOUT] INSTRUMENTATION_STATUS: test=testRunServer
2018-05-21 10:19:27:010 - info: [debug] [UIAUTOMATOR STDOUT] INSTRUMENTATION_STATUS: class=io.appium.android.bootstrap.Bootstrap
2018-05-21 10:19:27:010 - info: [debug] [UIAUTOMATOR STDOUT] INSTRUMENTATION_STATUS: current=1
2018-05-21 10:19:27:010 - info: [debug] [UIAUTOMATOR STDOUT] INSTRUMENTATION_STATUS_CODE: 0
2018-05-21 10:19:27:012 - info: [debug] [UIAUTOMATOR STDOUT] INSTRUMENTATION_STATUS: stream=
2018-05-21 10:19:27:013 - info: [debug] [UIAUTOMATOR STDOUT] Test results for WatcherResultPrinter=.
2018-05-21 10:19:27:013 - info: [debug] [UIAUTOMATOR STDOUT] Time: 86.495
2018-05-21 10:19:27:013 - info: [debug] [UIAUTOMATOR STDOUT] OK (1 test)
2018-05-21 10:19:27:013 - info: [debug] [UIAUTOMATOR STDOUT] INSTRUMENTATION_STATUS_CODE: -1
2018-05-21 10:19:27:025 - info: [debug] UiAutomator shut down normally
2018-05-21 10:19:27:025 - info: [debug] Cleaning up android objects
2018-05-21 10:19:27:026 - info: [debug] Cleaning up appium session
2018-05-21 10:19:27:026 - info: [debug] We shut down because no new commands came in
